[00:14:03] [main/INFO]: Loading Minecraft 1.21.3 with Fabric Loader 0.16.9
[00:14:04] [main/INFO]: Loading 6 mods:
	- carpet 1.4.158+v241022
	- carpet-extra 1.4.158
	- fabricloader 0.16.9
	   \-- mixinextras 0.4.1
	- java 21
	- minecraft 1.21.3
[00:14:04] [main/INFO]: SpongePowered MIXIN Subsystem Version=0.8.7 Source=file:/workspaces/MSP-2/servidor_minecraft/libraries/net/fabricmc/sponge-mixin/0.15.4+mixin.0.8.7/sponge-mixin-0.15.4+mixin.0.8.7.jar Service=Knot/Fabric Env=SERVER
[00:14:04] [main/INFO]: Compatibility level set to JAVA_17
[00:14:05] [main/INFO]: Initializing MixinExtras via com.llamalad7.mixinextras.service.MixinExtrasServiceImpl(version=0.4.1).
[00:14:15] [main/INFO]: Environment: Environment[sessionHost=https://sessionserver.mojang.com, servicesHost=https://api.minecraftservices.com, name=PROD]
[00:14:18] [main/INFO]: Loaded 1337 recipes
[00:14:18] [main/INFO]: Loaded 1448 advancements
[00:14:18] [Server thread/INFO]: Starting minecraft server version 1.21.3
[00:14:18] [Server thread/INFO]: Loading properties
[00:14:18] [Server thread/INFO]: Default game type: SURVIVAL
[00:14:18] [Server thread/INFO]: Generating keypair
[00:14:18] [Server thread/INFO]: Starting Minecraft server on *:25565
[00:14:19] [Server thread/INFO]: Using epoll channel type
[00:14:19] [Server thread/WARN]: **** SERVER IS RUNNING IN OFFLINE/INSECURE MODE!
[00:14:19] [Server thread/WARN]: The server will make no attempt to authenticate usernames. Beware.
[00:14:19] [Server thread/WARN]: While this makes the game possible to play without internet access, it also opens up the ability for hackers to connect with any username they choose.
[00:14:19] [Server thread/WARN]: To change this, set "online-mode" to "true" in the server.properties file.
[00:14:19] [Server thread/INFO]: Preparing level "world"
[00:14:19] [Server thread/INFO]: [CM] Loaded 10 settings from carpet.conf
[00:14:19] [Server thread/INFO]: Preparing start region for dimension minecraft:overworld
[00:14:24] [Worker-Main-1/INFO]: Preparing spawn area: 0%
[00:14:24] [Worker-Main-1/INFO]: Preparing spawn area: 0%
[00:14:24] [Worker-Main-1/INFO]: Preparing spawn area: 0%
[00:14:24] [Worker-Main-1/INFO]: Preparing spawn area: 0%
[00:14:24] [Worker-Main-1/INFO]: Preparing spawn area: 0%
[00:14:24] [Worker-Main-1/INFO]: Preparing spawn area: 0%
[00:14:24] [Worker-Main-1/INFO]: Preparing spawn area: 0%
[00:14:24] [Worker-Main-1/INFO]: Preparing spawn area: 0%
[00:14:24] [Worker-Main-1/INFO]: Preparing spawn area: 0%
[00:14:24] [Worker-Main-1/INFO]: Preparing spawn area: 0%
[00:14:24] [Worker-Main-1/INFO]: Preparing spawn area: 0%
[00:14:25] [Server thread/INFO]: Time elapsed: 5404 ms
[00:14:25] [Server thread/INFO]: cs app loaded with /cs command
[00:14:25] [Server thread/INFO]: App cs loaded in 28 ms
[00:14:25] [Server thread/INFO]: Done (6.075s)! For help, type "help"
[00:15:25] [Server thread/INFO]: Server empty for 60 seconds, pausing
[00:16:54] [Server thread/INFO]: stevencrazy317[/100.99.54.86:57697] logged in with entity id 43 at (-500.6662846487265, 78.0, -155.44973912334424)
[00:16:54] [Server thread/INFO]: stevencrazy317 joined the game
[00:16:56] [Server thread/INFO]: Player stevencrazy317 joined with a matching carpet client
[00:18:05] [Server thread/INFO]: kimbely[/100.109.196.70:60488] logged in with entity id 340 at (-515.7602795768552, 64.0, -197.39279391228078)
[00:18:05] [Server thread/INFO]: kimbely joined the game
[00:22:41] [Server thread/INFO]: [stevencrazy317: Teleported kimbely to stevencrazy317]
[00:26:16] [Server thread/INFO]: stevencrazy317 has made the advancement [Best Friends Forever]
[00:26:52] [Server thread/INFO]: kimbely has made the advancement [Best Friends Forever]
[00:27:29] [Server thread/WARN]: Horse (vehicle of kimbely) moved wrongly! 0.25062814010800594
[00:27:29] [Server thread/WARN]: Horse (vehicle of kimbely) moved wrongly! 0.6386538947224949
[00:27:30] [Server thread/WARN]: Horse (vehicle of kimbely) moved wrongly! 0.4622074312042628
[00:27:30] [Server thread/WARN]: Horse (vehicle of kimbely) moved wrongly! 0.5002056723968167
[00:27:30] [Server thread/WARN]: Horse (vehicle of kimbely) moved wrongly! 0.5160246818052201
[00:27:30] [Server thread/WARN]: Horse (vehicle of kimbely) moved wrongly! 0.5200913225755812
[00:27:30] [Server thread/WARN]: Horse (vehicle of kimbely) moved wrongly! 0.27829049720793364
[00:32:45] [Server thread/INFO]: [Not Secure] <stevencrazy317> ./ping
[00:33:44] [Server thread/INFO]: kimbely lost connection: Disconnected
[00:33:44] [Server thread/INFO]: kimbely left the game
[00:33:48] [Server thread/INFO]: kimbely[/100.109.196.70:60583] logged in with entity id 3748 at (-969.9142484091209, 66.0, -93.44647123164151)
[00:33:48] [Server thread/INFO]: kimbely joined the game
